[19:55:29] [main/INFO]: Setting user: ForgeDevName
[19:55:36] [Client thread/INFO]: LWJGL Version: 2.9.1
[19:55:42] [Client thread/ERROR]: Couldn't initialize twitch stream
[19:55:58] [Client thread/INFO]: Reloading ResourceManager: Default, FMLFileResourcePack:Forge Mod Loader, FMLFileResourcePack:Minecraft Forge, FMLFileResourcePack:Technoverse
[19:55:58] [Client thread/WARN]: ResourcePack: ignored non-lowercase namespace: Technoverse/ in C:\Users\Ferko\Documents\forge-1.7.10-10.13.3.1428-1.7.10-src\bin
[19:56:01] [Client thread/INFO]: Created: 512x256 textures/blocks-atlas
[19:56:01] [Client thread/INFO]: Created: 256x256 textures/items-atlas
[19:56:02] [Client thread/INFO]: Reloading ResourceManager: Default, FMLFileResourcePack:Forge Mod Loader, FMLFileResourcePack:Minecraft Forge, FMLFileResourcePack:Technoverse
[19:56:02] [Client thread/WARN]: ResourcePack: ignored non-lowercase namespace: Technoverse/ in C:\Users\Ferko\Documents\forge-1.7.10-10.13.3.1428-1.7.10-src\bin
[19:56:03] [Sound Library Loader/INFO]: Sound engine started
[19:56:03] [Client thread/INFO]: Created: 256x256 textures/items-atlas
[19:56:03] [Client thread/INFO]: Created: 512x256 textures/blocks-atlas
[19:56:04] [Sound Library Loader/INFO]: Sound engine started
[19:56:06] [Client thread/WARN]: Unable to play unknown soundEvent: minecraft:gui.button.press
[19:56:09] [Server thread/INFO]: Starting integrated minecraft server version 1.7.10
[19:56:09] [Server thread/INFO]: Generating keypair
[19:56:16] [Client thread/WARN]: Unable to play unknown soundEvent: minecraft:gui.button.press
[19:56:17] [Server thread/INFO]: Preparing start region for level 0
[19:56:18] [Server thread/INFO]: Preparing spawn area: 32%
[19:56:19] [Server thread/INFO]: Changing view distance to 12, from 10
[19:56:20] [Server thread/INFO]: ForgeDevName[local:E:0073a1b7] logged in with entity id 315 at (-219.39612274973834, 81.0, 240.23980669330544)
[19:56:20] [Server thread/INFO]: ForgeDevName joined the game
[19:56:23] [Client thread/WARN]: Unable to play unknown soundEvent: minecraft:music.game.creative
[19:56:26] [Client thread/WARN]: Unable to play unknown soundEvent: minecraft:dig.gravel
[19:56:27] [Client thread/WARN]: Unable to play unknown soundEvent: minecraft:dig.gravel
[19:56:29] [Client thread/WARN]: Unable to play unknown soundEvent: minecraft:step.grass
[19:56:31] [Client thread/WARN]: Unable to play unknown soundEvent: minecraft:gui.button.press
[19:56:34] [Client thread/WARN]: Unable to play unknown soundEvent: minecraft:step.grass
[19:56:34] [Client thread/WARN]: Unable to play unknown soundEvent: minecraft:dig.stone
[19:56:35] [Client thread/WARN]: Unable to play unknown soundEvent: minecraft:dig.stone
[19:56:35] [Client thread/WARN]: Unable to play unknown soundEvent: minecraft:step.grass
[19:56:36] [Client thread/WARN]: Unable to play unknown soundEvent: minecraft:step.grass
[19:56:39] [Client thread/WARN]: Unable to play unknown soundEvent: minecraft:gui.button.press
[19:56:54] [Server thread/INFO]: [ForgeDevName: Set own game mode to Survival Mode]
[19:56:54] [Client thread/INFO]: [CHAT] Your game mode has been updated
[19:56:55] [Client thread/WARN]: Unable to play unknown soundEvent: minecraft:step.stone
[19:56:56] [Client thread/WARN]: Unable to play unknown soundEvent: minecraft:step.stone
[19:56:56] [Client thread/WARN]: Unable to play unknown soundEvent: minecraft:step.stone
[19:56:56] [Client thread/WARN]: Unable to play unknown soundEvent: minecraft:dig.stone
[19:56:57] [Client thread/WARN]: Unable to play unknown soundEvent: minecraft:random.pop
[19:56:57] [Client thread/WARN]: Unable to play unknown soundEvent: minecraft:step.grass
[19:56:57] [Client thread/WARN]: Unable to play unknown soundEvent: minecraft:step.grass
[19:56:58] [Client thread/WARN]: Unable to play unknown soundEvent: minecraft:dig.stone
[19:56:59] [Client thread/WARN]: Unable to play unknown soundEvent: minecraft:dig.stone
[19:57:00] [Client thread/WARN]: Unable to play unknown soundEvent: minecraft:step.stone
[19:57:00] [Client thread/WARN]: Unable to play unknown soundEvent: minecraft:step.stone
[19:57:01] [Client thread/WARN]: Unable to play unknown soundEvent: minecraft:step.stone
[19:57:01] [Client thread/WARN]: Unable to play unknown soundEvent: minecraft:step.stone
[19:57:01] [Client thread/WARN]: Unable to play unknown soundEvent: minecraft:step.stone
[19:57:01] [Client thread/WARN]: Unable to play unknown soundEvent: minecraft:step.stone
[19:57:01] [Client thread/WARN]: Unable to play unknown soundEvent: minecraft:step.stone
[19:57:02] [Client thread/WARN]: Unable to play unknown soundEvent: minecraft:step.stone
[19:57:02] [Client thread/WARN]: Unable to play unknown soundEvent: minecraft:step.stone
[19:57:02] [Client thread/WARN]: Unable to play unknown soundEvent: minecraft:step.grass
[19:57:02] [Client thread/WARN]: Unable to play unknown soundEvent: minecraft:step.stone
[19:57:02] [Client thread/WARN]: Unable to play unknown soundEvent: minecraft:step.stone
[19:57:02] [Client thread/WARN]: Unable to play unknown soundEvent: minecraft:step.stone
[19:57:03] [Client thread/WARN]: Unable to play unknown soundEvent: minecraft:step.stone
[19:57:03] [Client thread/WARN]: Unable to play unknown soundEvent: minecraft:dig.stone
[19:57:03] [Client thread/WARN]: Unable to play unknown soundEvent: minecraft:step.grass
[19:57:04] [Client thread/WARN]: Unable to play unknown soundEvent: minecraft:step.grass
[19:57:04] [Client thread/WARN]: Unable to play unknown soundEvent: minecraft:step.stone
[19:57:05] [Client thread/WARN]: Unable to play unknown soundEvent: minecraft:step.stone
[19:57:05] [Client thread/WARN]: Unable to play unknown soundEvent: minecraft:step.stone
[19:57:05] [Client thread/WARN]: Unable to play unknown soundEvent: minecraft:step.stone
[19:57:05] [Client thread/WARN]: Unable to play unknown soundEvent: minecraft:step.stone
[19:57:05] [Client thread/WARN]: Unable to play unknown soundEvent: minecraft:step.stone
[19:57:06] [Client thread/WARN]: Unable to play unknown soundEvent: minecraft:step.stone
[19:57:06] [Client thread/WARN]: Unable to play unknown soundEvent: minecraft:step.stone
[19:57:06] [Client thread/WARN]: Unable to play unknown soundEvent: minecraft:step.stone
[19:57:06] [Client thread/WARN]: Unable to play unknown soundEvent: minecraft:step.stone
[19:57:06] [Client thread/WARN]: Unable to play unknown soundEvent: minecraft:step.stone
[19:57:07] [Client thread/WARN]: Unable to play unknown soundEvent: minecraft:step.grass
[19:57:07] [Client thread/WARN]: Unable to play unknown soundEvent: minecraft:step.stone
[19:57:07] [Client thread/WARN]: Unable to play unknown soundEvent: minecraft:step.stone
[19:57:07] [Client thread/WARN]: Unable to play unknown soundEvent: minecraft:step.stone
[19:57:07] [Client thread/WARN]: Unable to play unknown soundEvent: minecraft:step.stone
[19:57:07] [Client thread/WARN]: Unable to play unknown soundEvent: minecraft:step.stone
[19:57:08] [Client thread/WARN]: Unable to play unknown soundEvent: minecraft:step.stone
[19:57:08] [Client thread/WARN]: Unable to play unknown soundEvent: minecraft:step.stone
[19:57:08] [Client thread/WARN]: Unable to play unknown soundEvent: minecraft:step.stone
[19:57:08] [Client thread/WARN]: Unable to play unknown soundEvent: minecraft:dig.stone
[19:57:09] [Client thread/WARN]: Unable to play unknown soundEvent: minecraft:mob.spider.step
[19:57:09] [Client thread/WARN]: Unable to play unknown soundEvent: minecraft:step.grass
[19:57:09] [Client thread/WARN]: Unable to play unknown soundEvent: minecraft:mob.bat.takeoff
[19:57:10] [Server thread/INFO]: Saving and pausing game...
[19:57:10] [Server thread/INFO]: Saving chunks for level 'New World'/Overworld
[19:57:10] [Server thread/INFO]: Saving chunks for level 'New World'/Nether
[19:57:10] [Server thread/INFO]: Saving chunks for level 'New World'/The End
[19:57:11] [Client thread/WARN]: Unable to play unknown soundEvent: minecraft:gui.button.press
[19:57:12] [Client thread/WARN]: Unable to play unknown soundEvent: minecraft:mob.spider.step
[19:57:12] [Client thread/WARN]: Unable to play unknown soundEvent: minecraft:mob.spider.step
[19:57:12] [Client thread/WARN]: Unable to play unknown soundEvent: minecraft:mob.spider.say
[19:57:13] [Client thread/WARN]: Unable to play unknown soundEvent: minecraft:mob.spider.step
[19:57:13] [Client thread/WARN]: Unable to play unknown soundEvent: minecraft:mob.spider.step
[19:57:13] [Client thread/WARN]: Unable to play unknown soundEvent: minecraft:game.player.hurt
[19:57:14] [Server thread/INFO]: [ForgeDevName: Set own game mode to Creative Mode]
[19:57:14] [Client thread/INFO]: [CHAT] Your game mode has been updated
[19:57:14] [Client thread/WARN]: Unable to play unknown soundEvent: minecraft:mob.spider.step
[19:57:14] [Client thread/WARN]: Unable to play unknown soundEvent: minecraft:step.grass
[19:57:16] [Server thread/INFO]: Saving and pausing game...
[19:57:16] [Server thread/INFO]: Saving chunks for level 'New World'/Overworld
[19:57:16] [Server thread/INFO]: Saving chunks for level 'New World'/Nether
[19:57:16] [Server thread/INFO]: Saving chunks for level 'New World'/The End
[19:57:16] [Client thread/WARN]: Unable to play unknown soundEvent: minecraft:gui.button.press
[19:57:16] [Server thread/INFO]: Stopping server
[19:57:16] [Server thread/INFO]: Saving players
[19:57:16] [Server thread/INFO]: Saving worlds
[19:57:16] [Server thread/INFO]: Saving chunks for level 'New World'/Overworld
[19:57:16] [Server thread/INFO]: Saving chunks for level 'New World'/Nether
[19:57:16] [Server thread/INFO]: Saving chunks for level 'New World'/The End
[19:57:21] [Client thread/WARN]: Unable to play unknown soundEvent: minecraft:gui.button.press
[19:57:21] [Client thread/INFO]: Stopping!
